<?xml version="1.0" encoding="UTF-8"?>
<!-- Generated by org.testng.reporters.JUnitReportReporter -->
<testsuite hostname="LAPTOP-59CLUBN5" failures="0" tests="1" name="com.cremptin.Login.InvalidLogin" time="5.629" errors="0" timestamp="2022-05-25T19:04:21 IST" skipped="0">
  <testcase classname="com.cremptin.Login.InvalidLogin" name="validLoginTest" time="5.629"/>
  <system-out>
    <![CDATA[validLoginTest method started
validLoginTest method PASSED]]>
  </system-out>
</testsuite> <!-- com.cremptin.Login.InvalidLogin -->
